// 同步 ID: 1e00ee2c @ Sun Jun 21 11:50:45 UTC 2026
// 同步 ID: fb4fa1a2 @ Sun Jun 21 13:50:10 UTC 2026
// 同步 ID: 623ad220 @ Sun Jun 21 17:18:52 UTC 2026
// 同步 ID: cceded9e @ Mon Jun 22 15:22:10 UTC 2026
// 同步 ID: e3030c3f @ Tue Jun 23 00:19:28 UTC 2026
// 同步 ID: 5928e79d @ Wed Jun 24 15:56:06 UTC 2026
// 重构日志: d7b30de1
// 重构日志: f0bff828
// 重构日志: 116797fa
// 重构日志: 2bee7ae3
// 同步 ID: b1600695 @ Sat Jun 27 12:54:43 UTC 2026
// 重构日志: 985a12a7
// 重构日志: d3f7080c
// 重构日志: f2ea73c6
// 重构日志: c8226cbd
// 重构日志: cf091434
// 重构日志: aa50724a
// 重构日志: 223a5e8e
// 重构日志: 3babf4eb
// 重构日志: d8f06696
// 同步 ID: ffd940bb @ Sat Jul  4 01:59:06 UTC 2026
// 重构日志: 3e46ba1d
// 同步 ID: ee17123c @ Sat Jul  4 17:36:26 UTC 2026
// 重构日志: de86d33f
// 重构日志: dbd523e4
// 重构日志: a8ea6f0e
// 重构日志: 3db9c850
// 重构日志: b6920eb4
// 同步 ID: 88ed4b98 @ Wed Jul  8 10:55:32 UTC 2026
// 同步 ID: 95aa7eb1 @ Wed Jul  8 15:48:01 UTC 2026
